[0mGET / [36m304 [0m0.448 ms - -[0m
[0mGET /stylesheets/login.css [36m304 [0m1.199 ms - -[0m
[0mGET /stylesheets/style.css [36m304 [0m0.339 ms - -[0m
[0mGET /javascripts/ngStorage.min.js [36m304 [0m1.825 ms - -[0m
[0mGET /stylesheets/media.css [36m304 [0m1.406 ms - -[0m
[0mGET /javascripts/angular-min.js [36m304 [0m0.754 ms - -[0m
[0mGET /javascripts/ocLazyLoad.js [36m304 [0m0.771 ms - -[0m
[0mGET /javascripts/angular-ui-router.js [36m304 [0m1.269 ms - -[0m
[0mGET /stylesheets/autocomplete.css [36m304 [0m0.283 ms - -[0m
[0mGET /stylesheets/angucomplete.css [36m304 [0m0.571 ms - -[0m
[0mGET /javascripts/autocomplete.js [36m304 [0m0.283 ms - -[0m
[0mGET /javascripts/dirPagination.js [36m304 [0m1.778 ms - -[0m
[0mGET /javascripts/angucomplete.js [36m304 [0m0.772 ms - -[0m
[0mGET /javascripts/communication.js [36m304 [0m0.293 ms - -[0m
[0mGET /javascripts/app.js [36m304 [0m0.279 ms - -[0m
[0mGET /javascripts/directives/angular-ckeditor.js [36m304 [0m0.774 ms - -[0m
[0mGET /javascripts/constants.js [36m304 [0m0.814 ms - -[0m
[0mGET /modules/events/controller.js [36m304 [0m0.335 ms - -[0m
[0mGET /stylesheets/animate.css [36m304 [0m0.285 ms - -[0m
[0mGET /images/user.jpg [36m304 [0m0.769 ms - -[0m
[0mGET /images/logo.png [36m304 [0m0.274 ms - -[0m
[0mGET /javascripts/angular.min.js.map [33m404 [0m24.078 ms - 1207[0m
[0mGET /modules/events/controller.js [36m304 [0m0.563 ms - -[0m
[0mGET /modules/authentication/controller.js [36m304 [0m0.374 ms - -[0m
[0mGET /modules/events/views/dashboard.html [36m304 [0m0.345 ms - -[0m
[0mGET /modules/authentication/views/login.html [36m304 [0m0.256 ms - -[0m
[0mGET /images/logo-l.png [36m304 [0m0.268 ms - -[0m
[0mGET /images/bg.jpg [36m304 [0m0.351 ms - -[0m
[0mGET / [36m304 [0m0.362 ms - -[0m
[0mGET /stylesheets/style.css [36m304 [0m0.391 ms - -[0m
[0mGET /stylesheets/media.css [36m304 [0m0.261 ms - -[0m
[0mGET /stylesheets/login.css [36m304 [0m0.242 ms - -[0m
[0mGET /javascripts/angular-ui-router.js [36m304 [0m0.240 ms - -[0m
[0mGET /javascripts/angular-min.js [36m304 [0m0.232 ms - -[0m
[0mGET /javascripts/ngStorage.min.js [36m304 [0m0.543 ms - -[0m
[0mGET /stylesheets/autocomplete.css [36m304 [0m0.261 ms - -[0m
[0mGET /stylesheets/angucomplete.css [36m304 [0m0.248 ms - -[0m
[0mGET /javascripts/ocLazyLoad.js [36m304 [0m0.245 ms - -[0m
[0mGET /javascripts/autocomplete.js [36m304 [0m0.231 ms - -[0m
[0mGET /javascripts/dirPagination.js [36m304 [0m0.350 ms - -[0m
[0mGET /javascripts/angucomplete.js [36m304 [0m0.252 ms - -[0m
[0mGET /javascripts/constants.js [36m304 [0m0.253 ms - -[0m
[0mGET /javascripts/communication.js [36m304 [0m1.342 ms - -[0m
[0mGET /javascripts/app.js [36m304 [0m1.259 ms - -[0m
[0mGET /javascripts/directives/angular-ckeditor.js [36m304 [0m0.250 ms - -[0m
[0mGET /modules/events/controller.js [36m304 [0m0.236 ms - -[0m
[0mGET /images/user.jpg [36m304 [0m0.304 ms - -[0m
[0mGET /images/logo.png [36m304 [0m0.236 ms - -[0m
[0mGET /stylesheets/animate.css [36m304 [0m0.241 ms - -[0m
[0mGET /javascripts/angular.min.js.map [33m404 [0m10.701 ms - 1207[0m
[0mGET /modules/events/controller.js [36m304 [0m0.348 ms - -[0m
[0mGET /modules/events/views/dashboard.html [36m304 [0m0.358 ms - -[0m
[0mGET /modules/events/views/create_an_event.html [36m304 [0m0.354 ms - -[0m
[0mGET /images/icons/dollar.png [36m304 [0m0.268 ms - -[0m
[0mGET /images/icons/event-series.png [36m304 [0m0.262 ms - -[0m
[0mGET /images/icons/event-single.png [36m304 [0m0.244 ms - -[0m
[0mGET /modules/step_event/service.js [36m304 [0m0.335 ms - -[0m
[0mGET /modules/step_event/controller.js [32m200 [0m0.640 ms - 17098[0m
[0mGET /modules/step_event/views/create_event_step1.html [32m200 [0m0.695 ms - 42960[0m
[0mGET /images/img/f-img.jpg [36m304 [0m0.405 ms - -[0m
[0mGET /images/img/s-img.jpg [36m304 [0m0.315 ms - -[0m
[0mPOST /event_setting/venueListing [32m200 [0m2.964 ms - 423[0m
