0 info it worked if it ends with ok
1 verbose cli [ 'C:\\Program Files\\nodejs\\node.exe',
1 verbose cli   'C:\\Program Files\\nodejs\\node_modules\\npm\\bin\\npm-cli.js',
1 verbose cli   'start' ]
2 info using npm@2.5.1
3 info using node@v0.12.0
4 verbose run-script [ 'prestart', 'start', 'poststart' ]
5 info prestart alist@0.0.0
6 info start alist@0.0.0
7 verbose unsafe-perm in lifecycle true
8 verbose stack Error: spawn UNKNOWN
8 verbose stack     at exports._errnoException (util.js:746:11)
8 verbose stack     at ChildProcess.spawn (child_process.js:1155:11)
8 verbose stack     at exports.spawn (child_process.js:988:9)
8 verbose stack     at spawn (C:\Program Files\nodejs\node_modules\npm\lib\utils\spawn.js:7:13)
8 verbose stack     at runCmd_ (C:\Program Files\nodejs\node_modules\npm\lib\utils\lifecycle.js:207:14)
8 verbose stack     at runCmd (C:\Program Files\nodejs\node_modules\npm\lib\utils\lifecycle.js:172:5)
8 verbose stack     at runPackageLifecycle (C:\Program Files\nodejs\node_modules\npm\lib\utils\lifecycle.js:134:3)
8 verbose stack     at Array.<anonymous> (C:\Program Files\nodejs\node_modules\npm\node_modules\slide\lib\bind-actor.js:15:8)
8 verbose stack     at LOOP (C:\Program Files\nodejs\node_modules\npm\node_modules\slide\lib\chain.js:15:14)
8 verbose stack     at chain (C:\Program Files\nodejs\node_modules\npm\node_modules\slide\lib\chain.js:20:5)
9 verbose cwd C:\wamp\alisthub
10 error Windows_NT 6.1.7600
11 error argv "C:\\Program Files\\nodejs\\node.exe" "C:\\Program Files\\nodejs\\node_modules\\npm\\bin\\npm-cli.js" "start"
12 error node v0.12.0
13 error npm  v2.5.1
14 error code UNKNOWN
15 error errno UNKNOWN
16 error syscall spawn
17 error spawn UNKNOWN
18 error If you need help, you may report this error at:
18 error     <http://github.com/npm/npm/issues>
19 verbose exit [ 1, true ]
